make --dry-run --always-make --keep-going --print-directory
make: Entering directory `/Users/chartema/Documents/07 - So_long/So_long'
gcc -Wall -Werror -Wextra -g -I./lib/MLX42/include/ -I./lib/libft/ -I./lib/GNL/ -I./include  -c main.c
gcc -Wall -Werror -Wextra -g -I./lib/MLX42/include/ -I./lib/libft/ -I./lib/GNL/ -I./include  -c check_map.c
gcc -Wall -Werror -Wextra -g -I./lib/MLX42/include/ -I./lib/libft/ -I./lib/GNL/ -I./include  -c utils.c
gcc -Wall -Werror -Wextra -g -I./lib/MLX42/include/ -I./lib/libft/ -I./lib/GNL/ -I./include  -c validation.c
gcc -Wall -Werror -Wextra -g -I./lib/MLX42/include/ -I./lib/libft/ -I./lib/GNL/ -I./include  -c init_mlx.c
gcc -Wall -Werror -Wextra -g -I./lib/MLX42/include/ -I./lib/libft/ -I./lib/GNL/ -I./include  -c set_mlx.c
/Applications/Xcode.app/Contents/Developer/usr/bin/make -C ./lib/libft
make[1]: Entering directory `/Users/chartema/Documents/07 - So_long/So_long/lib/libft'
gcc -Wall -Werror -Wextra -c ft_atoi.c
echo "Compiling ft_atoi.o"
gcc -Wall -Werror -Wextra -c ft_bzero.c
echo "Compiling ft_bzero.o"
gcc -Wall -Werror -Wextra -c ft_calloc.c
echo "Compiling ft_calloc.o"
gcc -Wall -Werror -Wextra -c ft_isalnum.c
echo "Compiling ft_isalnum.o"
gcc -Wall -Werror -Wextra -c ft_isalpha.c
echo "Compiling ft_isalpha.o"
gcc -Wall -Werror -Wextra -c ft_isascii.c
echo "Compiling ft_isascii.o"
gcc -Wall -Werror -Wextra -c ft_isdigit.c
echo "Compiling ft_isdigit.o"
gcc -Wall -Werror -Wextra -c ft_isprint.c
echo "Compiling ft_isprint.o"
gcc -Wall -Werror -Wextra -c ft_memchr.c
echo "Compiling ft_memchr.o"
gcc -Wall -Werror -Wextra -c ft_memcmp.c
echo "Compiling ft_memcmp.o"
gcc -Wall -Werror -Wextra -c ft_memcpy.c
echo "Compiling ft_memcpy.o"
gcc -Wall -Werror -Wextra -c ft_memmove.c
echo "Compiling ft_memmove.o"
gcc -Wall -Werror -Wextra -c ft_memset.c
echo "Compiling ft_memset.o"
gcc -Wall -Werror -Wextra -c ft_strchr.c
echo "Compiling ft_strchr.o"
gcc -Wall -Werror -Wextra -c ft_strdup.c
echo "Compiling ft_strdup.o"
gcc -Wall -Werror -Wextra -c ft_strlcat.c
echo "Compiling ft_strlcat.o"
gcc -Wall -Werror -Wextra -c ft_strlcpy.c
echo "Compiling ft_strlcpy.o"
gcc -Wall -Werror -Wextra -c ft_strlen.c
echo "Compiling ft_strlen.o"
gcc -Wall -Werror -Wextra -c ft_strncmp.c
echo "Compiling ft_strncmp.o"
gcc -Wall -Werror -Wextra -c ft_strnstr.c
echo "Compiling ft_strnstr.o"
gcc -Wall -Werror -Wextra -c ft_strrchr.c
echo "Compiling ft_strrchr.o"
gcc -Wall -Werror -Wextra -c ft_tolower.c
echo "Compiling ft_tolower.o"
gcc -Wall -Werror -Wextra -c ft_toupper.c
echo "Compiling ft_toupper.o"
gcc -Wall -Werror -Wextra -c ft_substr.c
echo "Compiling ft_substr.o"
gcc -Wall -Werror -Wextra -c ft_strjoin.c
echo "Compiling ft_strjoin.o"
gcc -Wall -Werror -Wextra -c ft_strtrim.c
echo "Compiling ft_strtrim.o"
gcc -Wall -Werror -Wextra -c ft_split.c
echo "Compiling ft_split.o"
gcc -Wall -Werror -Wextra -c ft_itoa.c
echo "Compiling ft_itoa.o"
gcc -Wall -Werror -Wextra -c ft_strmapi.c
echo "Compiling ft_strmapi.o"
gcc -Wall -Werror -Wextra -c ft_striteri.c
echo "Compiling ft_striteri.o"
gcc -Wall -Werror -Wextra -c ft_putchar_fd.c
echo "Compiling ft_putchar_fd.o"
gcc -Wall -Werror -Wextra -c ft_putstr_fd.c
echo "Compiling ft_putstr_fd.o"
gcc -Wall -Werror -Wextra -c ft_putendl_fd.c
echo "Compiling ft_putendl_fd.o"
gcc -Wall -Werror -Wextra -c ft_putnbr_fd.c
echo "Compiling ft_putnbr_fd.o"
ar rcs libft.a ft_atoi.o ft_bzero.o ft_calloc.o ft_isalnum.o ft_isalpha.o ft_isascii.o ft_isdigit.o ft_isprint.o ft_memchr.o ft_memcmp.o ft_memcpy.o ft_memmove.o ft_memset.o ft_strchr.o ft_strdup.o ft_strlcat.o ft_strlcpy.o ft_strlen.o ft_strncmp.o ft_strnstr.o ft_strrchr.o ft_tolower.o ft_toupper.o ft_substr.o ft_strjoin.o ft_strtrim.o ft_split.o ft_itoa.o ft_strmapi.o ft_striteri.o ft_putchar_fd.o ft_putstr_fd.o ft_putendl_fd.o ft_putnbr_fd.o
echo "Create archive file libft.a"
make[1]: Leaving directory `/Users/chartema/Documents/07 - So_long/So_long/lib/libft'
/Applications/Xcode.app/Contents/Developer/usr/bin/make -C ./lib/MLX42
make[1]: Entering directory `/Users/chartema/Documents/07 - So_long/So_long/lib/MLX42'
echo "\033[32;1m\033[1mShader to C: shaders/default.frag -> src/mlx_frag_shader.c\033[0m"
bash tools/compile_shader.sh shaders/default.frag > src/mlx_frag_shader.c
echo "\033[32;1m\033[1mShader to C: shaders/default.vert -> src/mlx_vert_shader.c\033[0m"
bash tools/compile_shader.sh shaders/default.vert > src/mlx_vert_shader.c
echo "\033[32;1m\033[1mCompiling: glad.c\033[0m"
cc -Wextra -Wall -Werror -Wunreachable-code -Wno-char-subscripts -Ofast -D NDEBUG -o lib/glad/glad.o -c lib/glad/glad.c -I include -I /Users/chartema/.brew/opt/glfw/include
echo "\033[32;1m\033[1mCompiling: lodepng.c\033[0m"
cc -Wextra -Wall -Werror -Wunreachable-code -Wno-char-subscripts -Ofast -D NDEBUG -o lib/png/lodepng.o -c lib/png/lodepng.c -I include -I /Users/chartema/.brew/opt/glfw/include
echo "\033[32;1m\033[1mCompiling: mlx_font.c\033[0m"
cc -Wextra -Wall -Werror -Wunreachable-code -Wno-char-subscripts -Ofast -D NDEBUG -o src/font/mlx_font.o -c src/font/mlx_font.c -I include -I /Users/chartema/.brew/opt/glfw/include
echo "\033[32;1m\033[1mCompiling: mlx_cursor.c\033[0m"
cc -Wextra -Wall -Werror -Wunreachable-code -Wno-char-subscripts -Ofast -D NDEBUG -o src/mlx_cursor.o -c src/mlx_cursor.c -I include -I /Users/chartema/.brew/opt/glfw/include
echo "\033[32;1m\033[1mCompiling: mlx_exit.c\033[0m"
cc -Wextra -Wall -Werror -Wunreachable-code -Wno-char-subscripts -Ofast -D NDEBUG -o src/mlx_exit.o -c src/mlx_exit.c -I include -I /Users/chartema/.brew/opt/glfw/include
echo "\033[32;1m\033[1mCompiling: mlx_frag_shader.c\033[0m"
cc -Wextra -Wall -Werror -Wunreachable-code -Wno-char-subscripts -Ofast -D NDEBUG -o src/mlx_frag_shader.o -c src/mlx_frag_shader.c -I include -I /Users/chartema/.brew/opt/glfw/include
echo "\033[32;1m\033[1mCompiling: mlx_images.c\033[0m"
cc -Wextra -Wall -Werror -Wunreachable-code -Wno-char-subscripts -Ofast -D NDEBUG -o src/mlx_images.o -c src/mlx_images.c -I include -I /Users/chartema/.brew/opt/glfw/include
echo "\033[32;1m\033[1mCompiling: mlx_init.c\033[0m"
cc -Wextra -Wall -Werror -Wunreachable-code -Wno-char-subscripts -Ofast -D NDEBUG -o src/mlx_init.o -c src/mlx_init.c -I include -I /Users/chartema/.brew/opt/glfw/include
echo "\033[32;1m\033[1mCompiling: mlx_keys.c\033[0m"
cc -Wextra -Wall -Werror -Wunreachable-code -Wno-char-subscripts -Ofast -D NDEBUG -o src/mlx_keys.o -c src/mlx_keys.c -I include -I /Users/chartema/.brew/opt/glfw/include
echo "\033[32;1m\033[1mCompiling: mlx_loop.c\033[0m"
cc -Wextra -Wall -Werror -Wunreachable-code -Wno-char-subscripts -Ofast -D NDEBUG -o src/mlx_loop.o -c src/mlx_loop.c -I include -I /Users/chartema/.brew/opt/glfw/include
echo "\033[32;1m\033[1mCompiling: mlx_monitor.c\033[0m"
cc -Wextra -Wall -Werror -Wunreachable-code -Wno-char-subscripts -Ofast -D NDEBUG -o src/mlx_monitor.o -c src/mlx_monitor.c -I include -I /Users/chartema/.brew/opt/glfw/include
echo "\033[32;1m\033[1mCompiling: mlx_mouse.c\033[0m"
cc -Wextra -Wall -Werror -Wunreachable-code -Wno-char-subscripts -Ofast -D NDEBUG -o src/mlx_mouse.o -c src/mlx_mouse.c -I include -I /Users/chartema/.brew/opt/glfw/include
echo "\033[32;1m\033[1mCompiling: mlx_put_pixel.c\033[0m"
cc -Wextra -Wall -Werror -Wunreachable-code -Wno-char-subscripts -Ofast -D NDEBUG -o src/mlx_put_pixel.o -c src/mlx_put_pixel.c -I include -I /Users/chartema/.brew/opt/glfw/include
echo "\033[32;1m\033[1mCompiling: mlx_vert_shader.c\033[0m"
cc -Wextra -Wall -Werror -Wunreachable-code -Wno-char-subscripts -Ofast -D NDEBUG -o src/mlx_vert_shader.o -c src/mlx_vert_shader.c -I include -I /Users/chartema/.brew/opt/glfw/include
echo "\033[32;1m\033[1mCompiling: mlx_window.c\033[0m"
cc -Wextra -Wall -Werror -Wunreachable-code -Wno-char-subscripts -Ofast -D NDEBUG -o src/mlx_window.o -c src/mlx_window.c -I include -I /Users/chartema/.brew/opt/glfw/include
echo "\033[32;1m\033[1mCompiling: mlx_png.c\033[0m"
cc -Wextra -Wall -Werror -Wunreachable-code -Wno-char-subscripts -Ofast -D NDEBUG -o src/textures/mlx_png.o -c src/textures/mlx_png.c -I include -I /Users/chartema/.brew/opt/glfw/include
echo "\033[32;1m\033[1mCompiling: mlx_texture.c\033[0m"
 
cc -Wextra -Wall -Werror -Wunreachable-code -Wno-char-subscripts -Ofast -D NDEBUG -o src/textures/mlx_texture.o -c src/textures/mlx_texture.c -I include -I /Users/chartema/.brew/opt/glfw/include
echo "\033[32;1m\033[1mCompiling: mlx_xpm42.c\033[0m"
cc -Wextra -Wall -Werror -Wunreachable-code -Wno-char-subscripts -Ofast -D NDEBUG -o src/textures/mlx_xpm42.o -c src/textures/mlx_xpm42.c -I include -I /Users/chartema/.brew/opt/glfw/include
echo "\033[32;1m\033[1mCompiling: mlx_error.c\033[0m"
cc -Wextra -Wall -Werror -Wunreachable-code -Wno-char-subscripts -Ofast -D NDEBUG -o src/utils/mlx_error.o -c src/utils/mlx_error.c -I include -I /Users/chartema/.brew/opt/glfw/include
echo "\033[32;1m\033[1mCompiling: mlx_list.c\033[0m"
cc -Wextra -Wall -Werror -Wunreachable-code -Wno-char-subscripts -Ofast -D NDEBUG -o src/utils/mlx_list.o -c src/utils/mlx_list.c -I include -I /Users/chartema/.brew/opt/glfw/include
echo "\033[32;1m\033[1mCompiling: mlx_utils.c\033[0m"
cc -Wextra -Wall -Werror -Wunreachable-code -Wno-char-subscripts -Ofast -D NDEBUG -o src/utils/mlx_utils.o -c src/utils/mlx_utils.c -I include -I /Users/chartema/.brew/opt/glfw/include
ar rc libmlx42.a lib/glad/glad.o lib/png/lodepng.o src/font/mlx_font.o src/mlx_cursor.o src/mlx_exit.o src/mlx_frag_shader.o src/mlx_images.o src/mlx_init.o src/mlx_keys.o src/mlx_loop.o src/mlx_monitor.o src/mlx_mouse.o src/mlx_put_pixel.o src/mlx_vert_shader.o src/mlx_window.o src/textures/mlx_png.o src/textures/mlx_texture.o src/textures/mlx_xpm42.o src/utils/mlx_error.o src/utils/mlx_list.o src/utils/mlx_utils.o
echo "\033[32;1m\033[1mDone\033[0m"
make[1]: Leaving directory `/Users/chartema/Documents/07 - So_long/So_long/lib/MLX42'
 
/Applications/Xcode.app/Contents/Developer/usr/bin/make -C ./lib/GNL
make[1]: Entering directory `/Users/chartema/Documents/07 - So_long/So_long/lib/GNL'
gcc -Wall -Werror -Wextra -D BUFFER_SIZE=20 -c get_next_line_utils.c
gcc -Wall -Werror -Wextra -D BUFFER_SIZE=20 -c get_next_line.c
ar rcs get_next_line.a get_next_line_utils.o get_next_line.o
make[1]: Leaving directory `/Users/chartema/Documents/07 - So_long/So_long/lib/GNL'
 
gcc -lglfw -L /Users/chartema/.brew/opt/glfw/lib/ ./lib/MLX42/libmlx42.a ./lib/libft/libft.a ./lib/GNL/get_next_line.a main.o check_map.o utils.o validation.o init_mlx.o set_mlx.o -o so_long -fsanitize=address
make: Leaving directory `/Users/chartema/Documents/07 - So_long/So_long'
 
